0 info it worked if it ends with ok
1 verbose cli [ '/usr/bin/node6', '/usr/bin/npm-default', 'install', '-g' ]
2 info using npm@3.10.10
3 info using node@v6.14.3
4 silly loadCurrentTree Starting
5 silly install loadCurrentTree
6 silly install readGlobalPackageData
7 silly fetchPackageMetaData .
8 silly fetchDirectoryPackageData .
9 silly fetchPackageMetaData Error: Failed to parse json
9 silly fetchPackageMetaData Unexpected token 'n' at 26:6
9 silly fetchPackageMetaData     "nodemon": "^1.11.0"
9 silly fetchPackageMetaData      ^
9 silly fetchPackageMetaData     at parseError (/usr/lib64/node_modules/npm6/node_modules/read-package-json/read-json.js:390:11)
9 silly fetchPackageMetaData     at parseJson (/usr/lib64/node_modules/npm6/node_modules/read-package-json/read-json.js:79:23)
9 silly fetchPackageMetaData     at /usr/lib64/node_modules/npm6/node_modules/read-package-json/read-json.js:48:5
9 silly fetchPackageMetaData     at /usr/lib64/node_modules/npm6/node_modules/graceful-fs/graceful-fs.js:78:16
9 silly fetchPackageMetaData     at tryToString (fs.js:457:3)
9 silly fetchPackageMetaData     at FSReqWrap.readFileAfterClose [as oncomplete] (fs.js:444:12)
9 silly fetchPackageMetaData  error for . { Error: Failed to parse json
9 silly fetchPackageMetaData Unexpected token 'n' at 26:6
9 silly fetchPackageMetaData     "nodemon": "^1.11.0"
9 silly fetchPackageMetaData      ^
9 silly fetchPackageMetaData     at parseError (/usr/lib64/node_modules/npm6/node_modules/read-package-json/read-json.js:390:11)
9 silly fetchPackageMetaData     at parseJson (/usr/lib64/node_modules/npm6/node_modules/read-package-json/read-json.js:79:23)
9 silly fetchPackageMetaData     at /usr/lib64/node_modules/npm6/node_modules/read-package-json/read-json.js:48:5
9 silly fetchPackageMetaData     at /usr/lib64/node_modules/npm6/node_modules/graceful-fs/graceful-fs.js:78:16
9 silly fetchPackageMetaData     at tryToString (fs.js:457:3)
9 silly fetchPackageMetaData     at FSReqWrap.readFileAfterClose [as oncomplete] (fs.js:444:12)
9 silly fetchPackageMetaData   code: 'EJSONPARSE',
9 silly fetchPackageMetaData   file: '/home/lc/Projects/csoservice/package.json' }
10 silly rollbackFailedOptional Starting
11 silly rollbackFailedOptional Finishing
12 silly runTopLevelLifecycles Finishing
13 silly install printInstalled
14 verbose stack Error: Failed to parse json
14 verbose stack Unexpected token 'n' at 26:6
14 verbose stack     "nodemon": "^1.11.0"
14 verbose stack      ^
14 verbose stack     at parseError (/usr/lib64/node_modules/npm6/node_modules/read-package-json/read-json.js:390:11)
14 verbose stack     at parseJson (/usr/lib64/node_modules/npm6/node_modules/read-package-json/read-json.js:79:23)
14 verbose stack     at /usr/lib64/node_modules/npm6/node_modules/read-package-json/read-json.js:48:5
14 verbose stack     at /usr/lib64/node_modules/npm6/node_modules/graceful-fs/graceful-fs.js:78:16
14 verbose stack     at tryToString (fs.js:457:3)
14 verbose stack     at FSReqWrap.readFileAfterClose [as oncomplete] (fs.js:444:12)
15 verbose cwd /home/lc/Projects/csoservice
16 error Linux 4.4.138-59-default
17 error argv "/usr/bin/node6" "/usr/bin/npm-default" "install" "-g"
18 error node v6.14.3
19 error npm  v3.10.10
20 error file /home/lc/Projects/csoservice/package.json
21 error code EJSONPARSE
22 error Failed to parse json
22 error Unexpected token 'n' at 26:6
22 error     "nodemon": "^1.11.0"
22 error      ^
23 error File: /home/lc/Projects/csoservice/package.json
24 error Failed to parse package.json data.
24 error package.json must be actual JSON, not just JavaScript.
24 error
24 error This is not a bug in npm.
24 error Tell the package author to fix their package.json file. JSON.parse
25 verbose exit [ 1, true ]
